Dec 15 11:45:06.246 [INFO] Reading ./.github/workflows/phase2_deploy.yml
Dec 15 11:45:06.250 [INFO] Reading ./.github/workflows/phase3_CI.yml
Dec 15 11:45:06.253 [INFO] Reading ./.github/workflows/phase4_CD.yml
Dec 15 11:45:06.257 [INFO] Reading ./.github/workflows/phase4_CI.yml
Dec 15 11:45:06.260 [INFO] Reading ./.github/workflows/release.yml
Dec 15 11:45:06.262 [INFO] Reading ./.github/workflows/Scorecard.yml
Dec 15 11:45:06.263 [INFO] Reading ./node_modules/fast-uri/.github/dependabot.yml
Dec 15 11:45:06.264 [INFO] Reading ./node_modules/fast-uri/.github/.stale.yml
Dec 15 11:45:06.265 [INFO] Reading ./node_modules/fast-uri/.github/tests_checker.yml
Dec 15 11:45:06.266 [INFO] Reading ./node_modules/fast-uri/.github/workflows/ci.yml
Dec 15 11:45:06.267 [INFO] Reading ./node_modules/fast-uri/.github/workflows/package-manager-ci.yml
Dec 15 11:45:06.268 [INFO] Reading ./node_modules/is-arrayish/.istanbul.yml
Dec 15 11:45:06.269 [INFO] Reading ./node_modules/is-arrayish/.travis.yml
Dec 15 11:45:06.270 [INFO] Reading ./node_modules/json-schema-traverse/.eslintrc.yml
Dec 15 11:45:06.271 [INFO] Reading ./node_modules/json-schema-traverse/.github/FUNDING.yml
Dec 15 11:45:06.272 [INFO] Reading ./node_modules/json-schema-traverse/.github/workflows/build.yml
Dec 15 11:45:06.273 [INFO] Reading ./node_modules/json-schema-traverse/.github/workflows/publish.yml
Dec 15 11:45:06.275 [INFO] Reading ./node_modules/json-schema-traverse/spec/.eslintrc.yml
Dec 15 11:45:06.276 [INFO] Reading ./node_modules/JSONStream/.travis.yml
Dec 15 11:45:06.276 [INFO] Reading ./node_modules/minimist/.github/FUNDING.yml
Dec 15 11:45:06.280 [INFO] Reading ./node_modules/require-directory/.travis.yml
Dec 15 11:45:06.281 [INFO] Reading ./node_modules/through/.travis.yml
Dec 15 11:45:06.282 [INFO] Parsing testsuite ./.github/workflows/phase2_deploy.yml : map[venom.datetime:2024-12-15T11:45:06+03:00 venom.testsuite:phase2_CI/CD Pipeline pushing to docker hub venom.testsuite.filename:phase2_deploy.yml venom.testsuite.filepath:./.github/workflows/phase2_deploy.yml venom.testsuite.name:phase2_CI/CD Pipeline pushing to docker hub venom.testsuite.shortName:phase2_deploy venom.testsuite.workdir:/media/hasan/E1/Downloads/Video/AWS_COURSE_IN_ARABIC/API_PROJECT/hasan2/restful-opensensemap-Api/.github/workflows venom.timestamp:1734252306]
Dec 15 11:45:06.282 [DEBU] Testsuite (./.github/workflows/phase2_deploy.yml) variables: map[venom.datetime:2024-12-15T11:45:06+03:00 venom.testsuite:phase2_CI/CD Pipeline pushing to docker hub venom.testsuite.filename:phase2_deploy.yml venom.testsuite.filepath:./.github/workflows/phase2_deploy.yml venom.testsuite.name:phase2_CI/CD Pipeline pushing to docker hub venom.testsuite.shortName:phase2_deploy venom.testsuite.workdir:/media/hasan/E1/Downloads/Video/AWS_COURSE_IN_ARABIC/API_PROJECT/hasan2/restful-opensensemap-Api/.github/workflows venom.timestamp:1734252306]
Dec 15 11:45:06.282 [INFO] Parsing testsuite ./.github/workflows/phase3_CI.yml : map[venom.datetime:2024-12-15T11:45:06+03:00 venom.testsuite:phase3_CI Pipeline venom.testsuite.filename:phase3_CI.yml venom.testsuite.filepath:./.github/workflows/phase3_CI.yml venom.testsuite.name:phase3_CI Pipeline venom.testsuite.shortName:phase3_CI venom.testsuite.workdir:/media/hasan/E1/Downloads/Video/AWS_COURSE_IN_ARABIC/API_PROJECT/hasan2/restful-opensensemap-Api/.github/workflows venom.timestamp:1734252306]
Dec 15 11:45:06.282 [DEBU] Testsuite (./.github/workflows/phase3_CI.yml) variables: map[venom.datetime:2024-12-15T11:45:06+03:00 venom.testsuite:phase3_CI Pipeline venom.testsuite.filename:phase3_CI.yml venom.testsuite.filepath:./.github/workflows/phase3_CI.yml venom.testsuite.name:phase3_CI Pipeline venom.testsuite.shortName:phase3_CI venom.testsuite.workdir:/media/hasan/E1/Downloads/Video/AWS_COURSE_IN_ARABIC/API_PROJECT/hasan2/restful-opensensemap-Api/.github/workflows venom.timestamp:1734252306]
Dec 15 11:45:06.282 [INFO] Parsing testsuite ./.github/workflows/phase4_CD.yml : map[venom.datetime:2024-12-15T11:45:06+03:00 venom.testsuite:phase4_CD Pipeline venom.testsuite.filename:phase4_CD.yml venom.testsuite.filepath:./.github/workflows/phase4_CD.yml venom.testsuite.name:phase4_CD Pipeline venom.testsuite.shortName:phase4_CD venom.testsuite.workdir:/media/hasan/E1/Downloads/Video/AWS_COURSE_IN_ARABIC/API_PROJECT/hasan2/restful-opensensemap-Api/.github/workflows venom.timestamp:1734252306]
Dec 15 11:45:06.282 [DEBU] Testsuite (./.github/workflows/phase4_CD.yml) variables: map[venom.datetime:2024-12-15T11:45:06+03:00 venom.testsuite:phase4_CD Pipeline venom.testsuite.filename:phase4_CD.yml venom.testsuite.filepath:./.github/workflows/phase4_CD.yml venom.testsuite.name:phase4_CD Pipeline venom.testsuite.shortName:phase4_CD venom.testsuite.workdir:/media/hasan/E1/Downloads/Video/AWS_COURSE_IN_ARABIC/API_PROJECT/hasan2/restful-opensensemap-Api/.github/workflows venom.timestamp:1734252306]
Dec 15 11:45:06.282 [INFO] Parsing testsuite ./.github/workflows/phase4_CI.yml : map[venom.datetime:2024-12-15T11:45:06+03:00 venom.testsuite:phase4_ci pipeline venom.testsuite.filename:phase4_CI.yml venom.testsuite.filepath:./.github/workflows/phase4_CI.yml venom.testsuite.name:phase4_ci pipeline venom.testsuite.shortName:phase4_CI venom.testsuite.workdir:/media/hasan/E1/Downloads/Video/AWS_COURSE_IN_ARABIC/API_PROJECT/hasan2/restful-opensensemap-Api/.github/workflows venom.timestamp:1734252306]
Dec 15 11:45:06.282 [DEBU] Testsuite (./.github/workflows/phase4_CI.yml) variables: map[venom.datetime:2024-12-15T11:45:06+03:00 venom.testsuite:phase4_ci pipeline venom.testsuite.filename:phase4_CI.yml venom.testsuite.filepath:./.github/workflows/phase4_CI.yml venom.testsuite.name:phase4_ci pipeline venom.testsuite.shortName:phase4_CI venom.testsuite.workdir:/media/hasan/E1/Downloads/Video/AWS_COURSE_IN_ARABIC/API_PROJECT/hasan2/restful-opensensemap-Api/.github/workflows venom.timestamp:1734252306]
Dec 15 11:45:06.283 [INFO] Parsing testsuite ./.github/workflows/release.yml : map[venom.datetime:2024-12-15T11:45:06+03:00 venom.testsuite:Create Release venom.testsuite.filename:release.yml venom.testsuite.filepath:./.github/workflows/release.yml venom.testsuite.name:Create Release venom.testsuite.shortName:release venom.testsuite.workdir:/media/hasan/E1/Downloads/Video/AWS_COURSE_IN_ARABIC/API_PROJECT/hasan2/restful-opensensemap-Api/.github/workflows venom.timestamp:1734252306]
Dec 15 11:45:06.283 [DEBU] Testsuite (./.github/workflows/release.yml) variables: map[venom.datetime:2024-12-15T11:45:06+03:00 venom.testsuite:Create Release venom.testsuite.filename:release.yml venom.testsuite.filepath:./.github/workflows/release.yml venom.testsuite.name:Create Release venom.testsuite.shortName:release venom.testsuite.workdir:/media/hasan/E1/Downloads/Video/AWS_COURSE_IN_ARABIC/API_PROJECT/hasan2/restful-opensensemap-Api/.github/workflows venom.timestamp:1734252306]
Dec 15 11:45:06.283 [INFO] Parsing testsuite ./.github/workflows/Scorecard.yml : map[venom.datetime:2024-12-15T11:45:06+03:00 venom.testsuite:Scorecard supply-chain security venom.testsuite.filename:Scorecard.yml venom.testsuite.filepath:./.github/workflows/Scorecard.yml venom.testsuite.name:Scorecard supply-chain security venom.testsuite.shortName:Scorecard venom.testsuite.workdir:/media/hasan/E1/Downloads/Video/AWS_COURSE_IN_ARABIC/API_PROJECT/hasan2/restful-opensensemap-Api/.github/workflows venom.timestamp:1734252306]
Dec 15 11:45:06.283 [DEBU] Testsuite (./.github/workflows/Scorecard.yml) variables: map[venom.datetime:2024-12-15T11:45:06+03:00 venom.testsuite:Scorecard supply-chain security venom.testsuite.filename:Scorecard.yml venom.testsuite.filepath:./.github/workflows/Scorecard.yml venom.testsuite.name:Scorecard supply-chain security venom.testsuite.shortName:Scorecard venom.testsuite.workdir:/media/hasan/E1/Downloads/Video/AWS_COURSE_IN_ARABIC/API_PROJECT/hasan2/restful-opensensemap-Api/.github/workflows venom.timestamp:1734252306]
Dec 15 11:45:06.283 [INFO] Parsing testsuite ./node_modules/fast-uri/.github/dependabot.yml : map[venom.datetime:2024-12-15T11:45:06+03:00 venom.testsuite: venom.testsuite.filename:dependabot.yml venom.testsuite.filepath:./node_modules/fast-uri/.github/dependabot.yml venom.testsuite.name: venom.testsuite.shortName:dependabot venom.testsuite.workdir:/media/hasan/E1/Downloads/Video/AWS_COURSE_IN_ARABIC/API_PROJECT/hasan2/restful-opensensemap-Api/node_modules/fast-uri/.github venom.timestamp:1734252306]
Dec 15 11:45:06.283 [DEBU] Testsuite (./node_modules/fast-uri/.github/dependabot.yml) variables: map[venom.datetime:2024-12-15T11:45:06+03:00 venom.testsuite: venom.testsuite.filename:dependabot.yml venom.testsuite.filepath:./node_modules/fast-uri/.github/dependabot.yml venom.testsuite.name: venom.testsuite.shortName:dependabot venom.testsuite.workdir:/media/hasan/E1/Downloads/Video/AWS_COURSE_IN_ARABIC/API_PROJECT/hasan2/restful-opensensemap-Api/node_modules/fast-uri/.github venom.timestamp:1734252306]
Dec 15 11:45:06.283 [INFO] Parsing testsuite ./node_modules/fast-uri/.github/.stale.yml : map[venom.datetime:2024-12-15T11:45:06+03:00 venom.testsuite: venom.testsuite.filename:.stale.yml venom.testsuite.filepath:./node_modules/fast-uri/.github/.stale.yml venom.testsuite.name: venom.testsuite.shortName:.stale venom.testsuite.workdir:/media/hasan/E1/Downloads/Video/AWS_COURSE_IN_ARABIC/API_PROJECT/hasan2/restful-opensensemap-Api/node_modules/fast-uri/.github venom.timestamp:1734252306]
Dec 15 11:45:06.283 [DEBU] Testsuite (./node_modules/fast-uri/.github/.stale.yml) variables: map[venom.datetime:2024-12-15T11:45:06+03:00 venom.testsuite: venom.testsuite.filename:.stale.yml venom.testsuite.filepath:./node_modules/fast-uri/.github/.stale.yml venom.testsuite.name: venom.testsuite.shortName:.stale venom.testsuite.workdir:/media/hasan/E1/Downloads/Video/AWS_COURSE_IN_ARABIC/API_PROJECT/hasan2/restful-opensensemap-Api/node_modules/fast-uri/.github venom.timestamp:1734252306]
Dec 15 11:45:06.284 [INFO] Parsing testsuite ./node_modules/fast-uri/.github/tests_checker.yml : map[venom.datetime:2024-12-15T11:45:06+03:00 venom.testsuite: venom.testsuite.filename:tests_checker.yml venom.testsuite.filepath:./node_modules/fast-uri/.github/tests_checker.yml venom.testsuite.name: venom.testsuite.shortName:tests_checker venom.testsuite.workdir:/media/hasan/E1/Downloads/Video/AWS_COURSE_IN_ARABIC/API_PROJECT/hasan2/restful-opensensemap-Api/node_modules/fast-uri/.github venom.timestamp:1734252306]
Dec 15 11:45:06.284 [DEBU] Testsuite (./node_modules/fast-uri/.github/tests_checker.yml) variables: map[venom.datetime:2024-12-15T11:45:06+03:00 venom.testsuite: venom.testsuite.filename:tests_checker.yml venom.testsuite.filepath:./node_modules/fast-uri/.github/tests_checker.yml venom.testsuite.name: venom.testsuite.shortName:tests_checker venom.testsuite.workdir:/media/hasan/E1/Downloads/Video/AWS_COURSE_IN_ARABIC/API_PROJECT/hasan2/restful-opensensemap-Api/node_modules/fast-uri/.github venom.timestamp:1734252306]
Dec 15 11:45:06.284 [INFO] Parsing testsuite ./node_modules/fast-uri/.github/workflows/ci.yml : map[venom.datetime:2024-12-15T11:45:06+03:00 venom.testsuite:CI venom.testsuite.filename:ci.yml venom.testsuite.filepath:./node_modules/fast-uri/.github/workflows/ci.yml venom.testsuite.name:CI venom.testsuite.shortName:ci venom.testsuite.workdir:/media/hasan/E1/Downloads/Video/AWS_COURSE_IN_ARABIC/API_PROJECT/hasan2/restful-opensensemap-Api/node_modules/fast-uri/.github/workflows venom.timestamp:1734252306]
Dec 15 11:45:06.284 [DEBU] Testsuite (./node_modules/fast-uri/.github/workflows/ci.yml) variables: map[venom.datetime:2024-12-15T11:45:06+03:00 venom.testsuite:CI venom.testsuite.filename:ci.yml venom.testsuite.filepath:./node_modules/fast-uri/.github/workflows/ci.yml venom.testsuite.name:CI venom.testsuite.shortName:ci venom.testsuite.workdir:/media/hasan/E1/Downloads/Video/AWS_COURSE_IN_ARABIC/API_PROJECT/hasan2/restful-opensensemap-Api/node_modules/fast-uri/.github/workflows venom.timestamp:1734252306]
Dec 15 11:45:06.284 [INFO] Parsing testsuite ./node_modules/fast-uri/.github/workflows/package-manager-ci.yml : map[venom.datetime:2024-12-15T11:45:06+03:00 venom.testsuite:package-manager-ci venom.testsuite.filename:package-manager-ci.yml venom.testsuite.filepath:./node_modules/fast-uri/.github/workflows/package-manager-ci.yml venom.testsuite.name:package-manager-ci venom.testsuite.shortName:package-manager-ci venom.testsuite.workdir:/media/hasan/E1/Downloads/Video/AWS_COURSE_IN_ARABIC/API_PROJECT/hasan2/restful-opensensemap-Api/node_modules/fast-uri/.github/workflows venom.timestamp:1734252306]
Dec 15 11:45:06.284 [DEBU] Testsuite (./node_modules/fast-uri/.github/workflows/package-manager-ci.yml) variables: map[venom.datetime:2024-12-15T11:45:06+03:00 venom.testsuite:package-manager-ci venom.testsuite.filename:package-manager-ci.yml venom.testsuite.filepath:./node_modules/fast-uri/.github/workflows/package-manager-ci.yml venom.testsuite.name:package-manager-ci venom.testsuite.shortName:package-manager-ci venom.testsuite.workdir:/media/hasan/E1/Downloads/Video/AWS_COURSE_IN_ARABIC/API_PROJECT/hasan2/restful-opensensemap-Api/node_modules/fast-uri/.github/workflows venom.timestamp:1734252306]
Dec 15 11:45:06.284 [INFO] Parsing testsuite ./node_modules/is-arrayish/.istanbul.yml : map[venom.datetime:2024-12-15T11:45:06+03:00 venom.testsuite: venom.testsuite.filename:.istanbul.yml venom.testsuite.filepath:./node_modules/is-arrayish/.istanbul.yml venom.testsuite.name: venom.testsuite.shortName:.istanbul venom.testsuite.workdir:/media/hasan/E1/Downloads/Video/AWS_COURSE_IN_ARABIC/API_PROJECT/hasan2/restful-opensensemap-Api/node_modules/is-arrayish venom.timestamp:1734252306]
Dec 15 11:45:06.284 [DEBU] Testsuite (./node_modules/is-arrayish/.istanbul.yml) variables: map[venom.datetime:2024-12-15T11:45:06+03:00 venom.testsuite: venom.testsuite.filename:.istanbul.yml venom.testsuite.filepath:./node_modules/is-arrayish/.istanbul.yml venom.testsuite.name: venom.testsuite.shortName:.istanbul venom.testsuite.workdir:/media/hasan/E1/Downloads/Video/AWS_COURSE_IN_ARABIC/API_PROJECT/hasan2/restful-opensensemap-Api/node_modules/is-arrayish venom.timestamp:1734252306]
Dec 15 11:45:06.284 [INFO] Parsing testsuite ./node_modules/is-arrayish/.travis.yml : map[venom.datetime:2024-12-15T11:45:06+03:00 venom.testsuite: venom.testsuite.filename:.travis.yml venom.testsuite.filepath:./node_modules/is-arrayish/.travis.yml venom.testsuite.name: venom.testsuite.shortName:.travis venom.testsuite.workdir:/media/hasan/E1/Downloads/Video/AWS_COURSE_IN_ARABIC/API_PROJECT/hasan2/restful-opensensemap-Api/node_modules/is-arrayish venom.timestamp:1734252306]
Dec 15 11:45:06.284 [DEBU] Testsuite (./node_modules/is-arrayish/.travis.yml) variables: map[venom.datetime:2024-12-15T11:45:06+03:00 venom.testsuite: venom.testsuite.filename:.travis.yml venom.testsuite.filepath:./node_modules/is-arrayish/.travis.yml venom.testsuite.name: venom.testsuite.shortName:.travis venom.testsuite.workdir:/media/hasan/E1/Downloads/Video/AWS_COURSE_IN_ARABIC/API_PROJECT/hasan2/restful-opensensemap-Api/node_modules/is-arrayish venom.timestamp:1734252306]
Dec 15 11:45:06.284 [INFO] Parsing testsuite ./node_modules/json-schema-traverse/.eslintrc.yml : map[venom.datetime:2024-12-15T11:45:06+03:00 venom.testsuite: venom.testsuite.filename:.eslintrc.yml venom.testsuite.filepath:./node_modules/json-schema-traverse/.eslintrc.yml venom.testsuite.name: venom.testsuite.shortName:.eslintrc venom.testsuite.workdir:/media/hasan/E1/Downloads/Video/AWS_COURSE_IN_ARABIC/API_PROJECT/hasan2/restful-opensensemap-Api/node_modules/json-schema-traverse venom.timestamp:1734252306]
Dec 15 11:45:06.285 [DEBU] Testsuite (./node_modules/json-schema-traverse/.eslintrc.yml) variables: map[venom.datetime:2024-12-15T11:45:06+03:00 venom.testsuite: venom.testsuite.filename:.eslintrc.yml venom.testsuite.filepath:./node_modules/json-schema-traverse/.eslintrc.yml venom.testsuite.name: venom.testsuite.shortName:.eslintrc venom.testsuite.workdir:/media/hasan/E1/Downloads/Video/AWS_COURSE_IN_ARABIC/API_PROJECT/hasan2/restful-opensensemap-Api/node_modules/json-schema-traverse venom.timestamp:1734252306]
Dec 15 11:45:06.285 [INFO] Parsing testsuite ./node_modules/json-schema-traverse/.github/FUNDING.yml : map[venom.datetime:2024-12-15T11:45:06+03:00 venom.testsuite: venom.testsuite.filename:FUNDING.yml venom.testsuite.filepath:./node_modules/json-schema-traverse/.github/FUNDING.yml venom.testsuite.name: venom.testsuite.shortName:FUNDING venom.testsuite.workdir:/media/hasan/E1/Downloads/Video/AWS_COURSE_IN_ARABIC/API_PROJECT/hasan2/restful-opensensemap-Api/node_modules/json-schema-traverse/.github venom.timestamp:1734252306]
Dec 15 11:45:06.285 [DEBU] Testsuite (./node_modules/json-schema-traverse/.github/FUNDING.yml) variables: map[venom.datetime:2024-12-15T11:45:06+03:00 venom.testsuite: venom.testsuite.filename:FUNDING.yml venom.testsuite.filepath:./node_modules/json-schema-traverse/.github/FUNDING.yml venom.testsuite.name: venom.testsuite.shortName:FUNDING venom.testsuite.workdir:/media/hasan/E1/Downloads/Video/AWS_COURSE_IN_ARABIC/API_PROJECT/hasan2/restful-opensensemap-Api/node_modules/json-schema-traverse/.github venom.timestamp:1734252306]
Dec 15 11:45:06.285 [INFO] Parsing testsuite ./node_modules/json-schema-traverse/.github/workflows/build.yml : map[venom.datetime:2024-12-15T11:45:06+03:00 venom.testsuite:build venom.testsuite.filename:build.yml venom.testsuite.filepath:./node_modules/json-schema-traverse/.github/workflows/build.yml venom.testsuite.name:build venom.testsuite.shortName:build venom.testsuite.workdir:/media/hasan/E1/Downloads/Video/AWS_COURSE_IN_ARABIC/API_PROJECT/hasan2/restful-opensensemap-Api/node_modules/json-schema-traverse/.github/workflows venom.timestamp:1734252306]
Dec 15 11:45:06.285 [DEBU] Testsuite (./node_modules/json-schema-traverse/.github/workflows/build.yml) variables: map[venom.datetime:2024-12-15T11:45:06+03:00 venom.testsuite:build venom.testsuite.filename:build.yml venom.testsuite.filepath:./node_modules/json-schema-traverse/.github/workflows/build.yml venom.testsuite.name:build venom.testsuite.shortName:build venom.testsuite.workdir:/media/hasan/E1/Downloads/Video/AWS_COURSE_IN_ARABIC/API_PROJECT/hasan2/restful-opensensemap-Api/node_modules/json-schema-traverse/.github/workflows venom.timestamp:1734252306]
Dec 15 11:45:06.285 [INFO] Parsing testsuite ./node_modules/json-schema-traverse/.github/workflows/publish.yml : map[venom.datetime:2024-12-15T11:45:06+03:00 venom.testsuite:publish venom.testsuite.filename:publish.yml venom.testsuite.filepath:./node_modules/json-schema-traverse/.github/workflows/publish.yml venom.testsuite.name:publish venom.testsuite.shortName:publish venom.testsuite.workdir:/media/hasan/E1/Downloads/Video/AWS_COURSE_IN_ARABIC/API_PROJECT/hasan2/restful-opensensemap-Api/node_modules/json-schema-traverse/.github/workflows venom.timestamp:1734252306]
Dec 15 11:45:06.285 [DEBU] Testsuite (./node_modules/json-schema-traverse/.github/workflows/publish.yml) variables: map[venom.datetime:2024-12-15T11:45:06+03:00 venom.testsuite:publish venom.testsuite.filename:publish.yml venom.testsuite.filepath:./node_modules/json-schema-traverse/.github/workflows/publish.yml venom.testsuite.name:publish venom.testsuite.shortName:publish venom.testsuite.workdir:/media/hasan/E1/Downloads/Video/AWS_COURSE_IN_ARABIC/API_PROJECT/hasan2/restful-opensensemap-Api/node_modules/json-schema-traverse/.github/workflows venom.timestamp:1734252306]
Dec 15 11:45:06.285 [INFO] Parsing testsuite ./node_modules/json-schema-traverse/spec/.eslintrc.yml : map[venom.datetime:2024-12-15T11:45:06+03:00 venom.testsuite: venom.testsuite.filename:.eslintrc.yml venom.testsuite.filepath:./node_modules/json-schema-traverse/spec/.eslintrc.yml venom.testsuite.name: venom.testsuite.shortName:.eslintrc venom.testsuite.workdir:/media/hasan/E1/Downloads/Video/AWS_COURSE_IN_ARABIC/API_PROJECT/hasan2/restful-opensensemap-Api/node_modules/json-schema-traverse/spec venom.timestamp:1734252306]
Dec 15 11:45:06.285 [DEBU] Testsuite (./node_modules/json-schema-traverse/spec/.eslintrc.yml) variables: map[venom.datetime:2024-12-15T11:45:06+03:00 venom.testsuite: venom.testsuite.filename:.eslintrc.yml venom.testsuite.filepath:./node_modules/json-schema-traverse/spec/.eslintrc.yml venom.testsuite.name: venom.testsuite.shortName:.eslintrc venom.testsuite.workdir:/media/hasan/E1/Downloads/Video/AWS_COURSE_IN_ARABIC/API_PROJECT/hasan2/restful-opensensemap-Api/node_modules/json-schema-traverse/spec venom.timestamp:1734252306]
Dec 15 11:45:06.285 [INFO] Parsing testsuite ./node_modules/JSONStream/.travis.yml : map[venom.datetime:2024-12-15T11:45:06+03:00 venom.testsuite: venom.testsuite.filename:.travis.yml venom.testsuite.filepath:./node_modules/JSONStream/.travis.yml venom.testsuite.name: venom.testsuite.shortName:.travis venom.testsuite.workdir:/media/hasan/E1/Downloads/Video/AWS_COURSE_IN_ARABIC/API_PROJECT/hasan2/restful-opensensemap-Api/node_modules/JSONStream venom.timestamp:1734252306]
Dec 15 11:45:06.285 [DEBU] Testsuite (./node_modules/JSONStream/.travis.yml) variables: map[venom.datetime:2024-12-15T11:45:06+03:00 venom.testsuite: venom.testsuite.filename:.travis.yml venom.testsuite.filepath:./node_modules/JSONStream/.travis.yml venom.testsuite.name: venom.testsuite.shortName:.travis venom.testsuite.workdir:/media/hasan/E1/Downloads/Video/AWS_COURSE_IN_ARABIC/API_PROJECT/hasan2/restful-opensensemap-Api/node_modules/JSONStream venom.timestamp:1734252306]
Dec 15 11:45:06.286 [INFO] Parsing testsuite ./node_modules/minimist/.github/FUNDING.yml : map[venom.datetime:2024-12-15T11:45:06+03:00 venom.testsuite: venom.testsuite.filename:FUNDING.yml venom.testsuite.filepath:./node_modules/minimist/.github/FUNDING.yml venom.testsuite.name: venom.testsuite.shortName:FUNDING venom.testsuite.workdir:/media/hasan/E1/Downloads/Video/AWS_COURSE_IN_ARABIC/API_PROJECT/hasan2/restful-opensensemap-Api/node_modules/minimist/.github venom.timestamp:1734252306]
Dec 15 11:45:06.286 [DEBU] Testsuite (./node_modules/minimist/.github/FUNDING.yml) variables: map[venom.datetime:2024-12-15T11:45:06+03:00 venom.testsuite: venom.testsuite.filename:FUNDING.yml venom.testsuite.filepath:./node_modules/minimist/.github/FUNDING.yml venom.testsuite.name: venom.testsuite.shortName:FUNDING venom.testsuite.workdir:/media/hasan/E1/Downloads/Video/AWS_COURSE_IN_ARABIC/API_PROJECT/hasan2/restful-opensensemap-Api/node_modules/minimist/.github venom.timestamp:1734252306]
Dec 15 11:45:06.286 [INFO] Parsing testsuite ./node_modules/require-directory/.travis.yml : map[venom.datetime:2024-12-15T11:45:06+03:00 venom.testsuite: venom.testsuite.filename:.travis.yml venom.testsuite.filepath:./node_modules/require-directory/.travis.yml venom.testsuite.name: venom.testsuite.shortName:.travis venom.testsuite.workdir:/media/hasan/E1/Downloads/Video/AWS_COURSE_IN_ARABIC/API_PROJECT/hasan2/restful-opensensemap-Api/node_modules/require-directory venom.timestamp:1734252306]
Dec 15 11:45:06.286 [DEBU] Testsuite (./node_modules/require-directory/.travis.yml) variables: map[venom.datetime:2024-12-15T11:45:06+03:00 venom.testsuite: venom.testsuite.filename:.travis.yml venom.testsuite.filepath:./node_modules/require-directory/.travis.yml venom.testsuite.name: venom.testsuite.shortName:.travis venom.testsuite.workdir:/media/hasan/E1/Downloads/Video/AWS_COURSE_IN_ARABIC/API_PROJECT/hasan2/restful-opensensemap-Api/node_modules/require-directory venom.timestamp:1734252306]
Dec 15 11:45:06.286 [INFO] Parsing testsuite ./node_modules/through/.travis.yml : map[venom.datetime:2024-12-15T11:45:06+03:00 venom.testsuite: venom.testsuite.filename:.travis.yml venom.testsuite.filepath:./node_modules/through/.travis.yml venom.testsuite.name: venom.testsuite.shortName:.travis venom.testsuite.workdir:/media/hasan/E1/Downloads/Video/AWS_COURSE_IN_ARABIC/API_PROJECT/hasan2/restful-opensensemap-Api/node_modules/through venom.timestamp:1734252306]
Dec 15 11:45:06.286 [DEBU] Testsuite (./node_modules/through/.travis.yml) variables: map[venom.datetime:2024-12-15T11:45:06+03:00 venom.testsuite: venom.testsuite.filename:.travis.yml venom.testsuite.filepath:./node_modules/through/.travis.yml venom.testsuite.name: venom.testsuite.shortName:.travis venom.testsuite.workdir:/media/hasan/E1/Downloads/Video/AWS_COURSE_IN_ARABIC/API_PROJECT/hasan2/restful-opensensemap-Api/node_modules/through venom.timestamp:1734252306]
Dec 15 11:45:06.286 [DEBU] nb testsuites: 22
Dec 15 11:45:06.286 [INFO] [phase2_CI/CD Pipeline pushing to docker hub] Starting testsuite
Dec 15 11:45:06.286 [INFO] [phase2_CI/CD Pipeline pushing to docker hub] Ending testsuite
Dec 15 11:45:06.287 [INFO] [phase3_CI Pipeline] Starting testsuite
Dec 15 11:45:06.287 [INFO] [phase3_CI Pipeline] Ending testsuite
Dec 15 11:45:06.287 [INFO] [phase4_CD Pipeline] Starting testsuite
Dec 15 11:45:06.287 [INFO] [phase4_CD Pipeline] Ending testsuite
Dec 15 11:45:06.287 [INFO] [phase4_ci pipeline] Starting testsuite
Dec 15 11:45:06.287 [INFO] [phase4_ci pipeline] Ending testsuite
Dec 15 11:45:06.288 [INFO] [Create Release] Starting testsuite
Dec 15 11:45:06.288 [INFO] [Create Release] Ending testsuite
Dec 15 11:45:06.288 [INFO] [Scorecard supply-chain security] Starting testsuite
Dec 15 11:45:06.288 [INFO] [Scorecard supply-chain security] Ending testsuite
Dec 15 11:45:06.288 [INFO] [] Starting testsuite
Dec 15 11:45:06.289 [INFO] [] Ending testsuite
Dec 15 11:45:06.289 [INFO] [] Starting testsuite
Dec 15 11:45:06.289 [INFO] [] Ending testsuite
Dec 15 11:45:06.289 [INFO] [] Starting testsuite
Dec 15 11:45:06.289 [INFO] [] Ending testsuite
Dec 15 11:45:06.289 [INFO] [CI] Starting testsuite
Dec 15 11:45:06.290 [INFO] [CI] Ending testsuite
Dec 15 11:45:06.290 [INFO] [package-manager-ci] Starting testsuite
Dec 15 11:45:06.290 [INFO] [package-manager-ci] Ending testsuite
Dec 15 11:45:06.290 [INFO] [] Starting testsuite
Dec 15 11:45:06.290 [INFO] [] Ending testsuite
Dec 15 11:45:06.290 [INFO] [] Starting testsuite
Dec 15 11:45:06.291 [INFO] [] Ending testsuite
Dec 15 11:45:06.291 [INFO] [] Starting testsuite
Dec 15 11:45:06.291 [INFO] [] Ending testsuite
Dec 15 11:45:06.291 [INFO] [] Starting testsuite
Dec 15 11:45:06.291 [INFO] [] Ending testsuite
Dec 15 11:45:06.291 [INFO] [build] Starting testsuite
Dec 15 11:45:06.292 [INFO] [build] Ending testsuite
Dec 15 11:45:06.292 [INFO] [publish] Starting testsuite
Dec 15 11:45:06.292 [INFO] [publish] Ending testsuite
Dec 15 11:45:06.292 [INFO] [] Starting testsuite
Dec 15 11:45:06.292 [INFO] [] Ending testsuite
Dec 15 11:45:06.292 [INFO] [] Starting testsuite
Dec 15 11:45:06.292 [INFO] [] Ending testsuite
Dec 15 11:45:06.293 [INFO] [] Starting testsuite
Dec 15 11:45:06.293 [INFO] [] Ending testsuite
Dec 15 11:45:06.293 [INFO] [] Starting testsuite
Dec 15 11:45:06.293 [INFO] [] Ending testsuite
Dec 15 11:45:06.293 [INFO] [] Starting testsuite
Dec 15 11:45:06.293 [INFO] [] Ending testsuite
Dec 15 11:45:06.293 [DEBU] final status: PASS
